0 info it worked if it ends with ok
1 verbose cli [ '/usr/bin/node', '/usr/bin/npm', 'install' ]
2 info using npm@1.4.28
3 info using node@v0.10.37
4 verbose node symlink /usr/bin/node
5 warn package.json chatrooms@0.0.1 No repository field.
6 warn package.json chatrooms@0.0.1 No README data
7 verbose readDependencies using package.json deps
8 verbose install where, deps [ '/home/kamal/work/nodeModules', [ 'socket.io', 'mime' ] ]
9 info preinstall chatrooms@0.0.1
10 verbose readDependencies using package.json deps
11 verbose cache add [ 'socket.io@~0.9.6', null ]
12 verbose cache add name=undefined spec="socket.io@~0.9.6" args=["socket.io@~0.9.6",null]
13 verbose parsed url { protocol: null,
13 verbose parsed url   slashes: null,
13 verbose parsed url   auth: null,
13 verbose parsed url   host: null,
13 verbose parsed url   port: null,
13 verbose parsed url   hostname: null,
13 verbose parsed url   hash: null,
13 verbose parsed url   search: null,
13 verbose parsed url   query: null,
13 verbose parsed url   pathname: 'socket.io@~0.9.6',
13 verbose parsed url   path: 'socket.io@~0.9.6',
13 verbose parsed url   href: 'socket.io@~0.9.6' }
14 verbose cache add [ 'mime@~1.2.7', null ]
15 verbose cache add name=undefined spec="mime@~1.2.7" args=["mime@~1.2.7",null]
16 verbose parsed url { protocol: null,
16 verbose parsed url   slashes: null,
16 verbose parsed url   auth: null,
16 verbose parsed url   host: null,
16 verbose parsed url   port: null,
16 verbose parsed url   hostname: null,
16 verbose parsed url   hash: null,
16 verbose parsed url   search: null,
16 verbose parsed url   query: null,
16 verbose parsed url   pathname: 'mime@~1.2.7',
16 verbose parsed url   path: 'mime@~1.2.7',
16 verbose parsed url   href: 'mime@~1.2.7' }
17 verbose cache add name="socket.io" spec="~0.9.6" args=["socket.io","~0.9.6"]
18 verbose parsed url { protocol: null,
18 verbose parsed url   slashes: null,
18 verbose parsed url   auth: null,
18 verbose parsed url   host: null,
18 verbose parsed url   port: null,
18 verbose parsed url   hostname: null,
18 verbose parsed url   hash: null,
18 verbose parsed url   search: null,
18 verbose parsed url   query: null,
18 verbose parsed url   pathname: '~0.9.6',
18 verbose parsed url   path: '~0.9.6',
18 verbose parsed url   href: '~0.9.6' }
19 verbose addNamed [ 'socket.io', '~0.9.6' ]
20 verbose addNamed [ null, '>=0.9.6-0 <0.10.0-0' ]
21 verbose cache add name="mime" spec="~1.2.7" args=["mime","~1.2.7"]
22 verbose parsed url { protocol: null,
22 verbose parsed url   slashes: null,
22 verbose parsed url   auth: null,
22 verbose parsed url   host: null,
22 verbose parsed url   port: null,
22 verbose parsed url   hostname: null,
22 verbose parsed url   hash: null,
22 verbose parsed url   search: null,
22 verbose parsed url   query: null,
22 verbose parsed url   pathname: '~1.2.7',
22 verbose parsed url   path: '~1.2.7',
22 verbose parsed url   href: '~1.2.7' }
23 verbose addNamed [ 'mime', '~1.2.7' ]
24 verbose addNamed [ null, '>=1.2.7-0 <1.3.0-0' ]
25 silly lockFile f2e07591-socket-io-0-9-6 socket.io@~0.9.6
26 verbose lock socket.io@~0.9.6 /home/kamal/.npm/f2e07591-socket-io-0-9-6.lock
27 silly lockFile 3725bc70-mime-1-2-7 mime@~1.2.7
28 verbose lock mime@~1.2.7 /home/kamal/.npm/3725bc70-mime-1-2-7.lock
29 silly addNameRange { name: 'socket.io',
29 silly addNameRange   range: '>=0.9.6-0 <0.10.0-0',
29 silly addNameRange   hasData: false }
30 silly addNameRange { name: 'mime', range: '>=1.2.7-0 <1.3.0-0', hasData: false }
31 verbose request where is /socket.io
32 verbose request registry https://registry.npmjs.org/
33 verbose request id bfaa4d388fadd781
34 verbose url raw /socket.io
35 verbose url resolving [ 'https://registry.npmjs.org/', './socket.io' ]
36 verbose url resolved https://registry.npmjs.org/socket.io
37 verbose request where is https://registry.npmjs.org/socket.io
38 info trying registry request attempt 1 at 00:48:36
39 verbose etag "A086QI4YB7SASOT5ID56JCTZG"
40 http GET https://registry.npmjs.org/socket.io
41 verbose request where is /mime
42 verbose request registry https://registry.npmjs.org/
43 verbose url raw /mime
44 verbose url resolving [ 'https://registry.npmjs.org/', './mime' ]
45 verbose url resolved https://registry.npmjs.org/mime
46 verbose request where is https://registry.npmjs.org/mime
47 info trying registry request attempt 1 at 00:48:36
48 verbose etag "3ZRQIU5H2D52GRYT3000WPDFS"
49 http GET https://registry.npmjs.org/mime
50 http 304 https://registry.npmjs.org/mime
51 silly registry.get cb [ 304,
51 silly registry.get   { date: 'Wed, 03 Jun 2015 19:18:36 GMT',
51 silly registry.get     via: '1.1 varnish',
51 silly registry.get     'cache-control': 'max-age=60',
51 silly registry.get     etag: '"3ZRQIU5H2D52GRYT3000WPDFS"',
51 silly registry.get     age: '30',
51 silly registry.get     connection: 'keep-alive',
51 silly registry.get     'x-served-by': 'cache-sin6920-SIN',
51 silly registry.get     'x-cache': 'HIT',
51 silly registry.get     'x-cache-hits': '2',
51 silly registry.get     'x-timer': 'S1433359116.865517,VS0,VE0',
51 silly registry.get     vary: 'Accept' } ]
52 verbose etag https://registry.npmjs.org/mime from cache
53 silly addNameRange number 2 { name: 'mime', range: '>=1.2.7-0 <1.3.0-0', hasData: true }
54 silly addNameRange versions [ 'mime',
54 silly addNameRange   [ '1.0.0',
54 silly addNameRange     '1.1.0',
54 silly addNameRange     '1.2.1',
54 silly addNameRange     '1.2.2',
54 silly addNameRange     '1.2.3',
54 silly addNameRange     '1.2.4',
54 silly addNameRange     '1.2.5',
54 silly addNameRange     '1.2.6',
54 silly addNameRange     '1.2.7',
54 silly addNameRange     '1.2.8',
54 silly addNameRange     '1.2.9',
54 silly addNameRange     '1.2.10',
54 silly addNameRange     '1.2.11',
54 silly addNameRange     '1.3.0',
54 silly addNameRange     '1.3.2',
54 silly addNameRange     '1.3.3',
54 silly addNameRange     '1.3.4' ] ]
55 verbose addNamed [ 'mime', '1.2.11' ]
56 verbose addNamed [ '1.2.11', '1.2.11' ]
57 silly lockFile c4b0741f-mime-1-2-11 mime@1.2.11
58 verbose lock mime@1.2.11 /home/kamal/.npm/c4b0741f-mime-1-2-11.lock
59 silly lockFile c4b0741f-mime-1-2-11 mime@1.2.11
60 silly lockFile c4b0741f-mime-1-2-11 mime@1.2.11
61 silly lockFile 3725bc70-mime-1-2-7 mime@~1.2.7
62 silly lockFile 3725bc70-mime-1-2-7 mime@~1.2.7
63 http 200 https://registry.npmjs.org/socket.io
64 silly registry.get cb [ 200,
64 silly registry.get   { server: 'CouchDB/1.5.0 (Erlang OTP/R16B03)',
64 silly registry.get     etag: '"BCM2MPJ6HWYSOZFLEEQYK9RX2"',
64 silly registry.get     'content-type': 'application/json',
64 silly registry.get     'cache-control': 'max-age=60',
64 silly registry.get     'content-length': '111608',
64 silly registry.get     'accept-ranges': 'bytes',
64 silly registry.get     date: 'Wed, 03 Jun 2015 19:18:37 GMT',
64 silly registry.get     via: '1.1 varnish',
64 silly registry.get     age: '0',
64 silly registry.get     connection: 'keep-alive',
64 silly registry.get     'x-served-by': 'cache-sin6923-SIN',
64 silly registry.get     'x-cache': 'HIT',
64 silly registry.get     'x-cache-hits': '1',
64 silly registry.get     'x-timer': 'S1433359116.876669,VS0,VE835',
64 silly registry.get     vary: 'Accept' } ]
65 silly addNameRange number 2 { name: 'socket.io',
65 silly addNameRange   range: '>=0.9.6-0 <0.10.0-0',
65 silly addNameRange   hasData: true }
66 silly addNameRange versions [ 'socket.io',
66 silly addNameRange   [ '0.3.8',
66 silly addNameRange     '0.4.0',
66 silly addNameRange     '0.4.1',
66 silly addNameRange     '0.5.1',
66 silly addNameRange     '0.5.3',
66 silly addNameRange     '0.6.0',
66 silly addNameRange     '0.6.1',
66 silly addNameRange     '0.6.3',
66 silly addNameRange     '0.6.4',
66 silly addNameRange     '0.6.5',
66 silly addNameRange     '0.6.6',
66 silly addNameRange     '0.6.7',
66 silly addNameRange     '0.6.8',
66 silly addNameRange     '0.6.9',
66 silly addNameRange     '0.6.10',
66 silly addNameRange     '0.6.11',
66 silly addNameRange     '0.6.12',
66 silly addNameRange     '0.6.14',
66 silly addNameRange     '0.6.15',
66 silly addNameRange     '0.6.16',
66 silly addNameRange     '0.6.17',
66 silly addNameRange     '0.6.18',
66 silly addNameRange     '0.7.0',
66 silly addNameRange     '0.7.1',
66 silly addNameRange     '0.7.2',
66 silly addNameRange     '0.7.3',
66 silly addNameRange     '0.7.4',
66 silly addNameRange     '0.7.5',
66 silly addNameRange     '0.7.6',
66 silly addNameRange     '0.7.7',
66 silly addNameRange     '0.7.8',
66 silly addNameRange     '0.7.9',
66 silly addNameRange     '0.7.10',
66 silly addNameRange     '0.7.11',
66 silly addNameRange     '0.8.0',
66 silly addNameRange     '0.8.1',
66 silly addNameRange     '0.8.2',
66 silly addNameRange     '0.8.3',
66 silly addNameRange     '0.8.4',
66 silly addNameRange     '0.8.5',
66 silly addNameRange     '0.8.6',
66 silly addNameRange     '0.8.7',
66 silly addNameRange     '0.9.0',
66 silly addNameRange     '0.9.1',
66 silly addNameRange     '0.9.1-1',
66 silly addNameRange     '0.9.2',
66 silly addNameRange     '0.9.3',
66 silly addNameRange     '0.9.4',
66 silly addNameRange     '0.9.5',
66 silly addNameRange     '0.9.6',
66 silly addNameRange     '0.9.7',
66 silly addNameRange     '0.9.8',
66 silly addNameRange     '0.9.9',
66 silly addNameRange     '0.9.10',
66 silly addNameRange     '0.9.11',
66 silly addNameRange     '0.9.12',
66 silly addNameRange     '0.9.13',
66 silly addNameRange     '0.9.14',
66 silly addNameRange     '0.9.15',
66 silly addNameRange     '0.9.16',
66 silly addNameRange     '1.0.0-pre',
66 silly addNameRange     '1.0.0-pre2',
66 silly addNameRange     '1.0.0-pre3',
66 silly addNameRange     '1.0.0-pre4',
66 silly addNameRange     '1.0.0-pre5',
66 silly addNameRange     '0.9.17',
66 silly addNameRange     '1.0.0',
66 silly addNameRange     '1.0.1',
66 silly addNameRange     '1.0.2',
66 silly addNameRange     '1.0.3',
66 silly addNameRange     '1.0.4',
66 silly addNameRange     '1.0.5',
66 silly addNameRange     '1.0.6',
66 silly addNameRange     '1.1.0',
66 silly addNameRange     '1.2.0',
66 silly addNameRange     '1.2.1',
66 silly addNameRange     '1.3.0',
66 silly addNameRange     '1.3.1',
66 silly addNameRange     '1.3.2',
66 silly addNameRange     '1.3.3',
66 silly addNameRange     '1.3.4',
66 silly addNameRange     '1.3.5' ] ]
67 verbose addNamed [ 'socket.io', '0.9.17' ]
68 verbose addNamed [ '0.9.17', '0.9.17' ]
69 silly lockFile 1593240a-socket-io-0-9-17 socket.io@0.9.17
70 verbose lock socket.io@0.9.17 /home/kamal/.npm/1593240a-socket-io-0-9-17.lock
71 silly lockFile dc5b8fe7-g-socket-io-socket-io-0-9-17-tgz https://registry.npmjs.org/socket.io/-/socket.io-0.9.17.tgz
72 verbose lock https://registry.npmjs.org/socket.io/-/socket.io-0.9.17.tgz /home/kamal/.npm/dc5b8fe7-g-socket-io-socket-io-0-9-17-tgz.lock
73 verbose addRemoteTarball [ 'https://registry.npmjs.org/socket.io/-/socket.io-0.9.17.tgz',
73 verbose addRemoteTarball   'ca389268fb2cd5df4b59218490a08c907581c9ec' ]
74 info retry fetch attempt 1 at 00:48:38
75 verbose fetch to= /tmp/npm-6921-Pd3fzTDe/registry.npmjs.org/socket.io/-/socket.io-0.9.17.tgz
76 http GET https://registry.npmjs.org/socket.io/-/socket.io-0.9.17.tgz
77 http 200 https://registry.npmjs.org/socket.io/-/socket.io-0.9.17.tgz
78 silly lockFile dc5b8fe7-g-socket-io-socket-io-0-9-17-tgz https://registry.npmjs.org/socket.io/-/socket.io-0.9.17.tgz
79 silly lockFile dc5b8fe7-g-socket-io-socket-io-0-9-17-tgz https://registry.npmjs.org/socket.io/-/socket.io-0.9.17.tgz
80 silly lockFile 1593240a-socket-io-0-9-17 socket.io@0.9.17
81 silly lockFile 1593240a-socket-io-0-9-17 socket.io@0.9.17
82 silly lockFile f2e07591-socket-io-0-9-6 socket.io@~0.9.6
83 silly lockFile f2e07591-socket-io-0-9-6 socket.io@~0.9.6
84 error Error: EACCES, mkdir '/home/kamal/.npm/socket.io/0.9.17'
84 error  { [Error: EACCES, mkdir '/home/kamal/.npm/socket.io/0.9.17']
84 error   errno: 3,
84 error   code: 'EACCES',
84 error   path: '/home/kamal/.npm/socket.io/0.9.17',
84 error   parent: 'chatrooms' }
85 error Please try running this command again as root/Administrator.
86 error System Linux 3.5.0-61-generic
87 error command "/usr/bin/node" "/usr/bin/npm" "install"
88 error cwd /home/kamal/work/nodeModules
89 error node -v v0.10.37
90 error npm -v 1.4.28
91 error path /home/kamal/.npm/socket.io/0.9.17
92 error code EACCES
93 error errno 3
94 error stack Error: EACCES, mkdir '/home/kamal/.npm/socket.io/0.9.17'
95 verbose exit [ 3, true ]
